0 info it worked if it ends with ok
1 verbose cli [ '/usr/local/bin/node',
1 verbose cli   '/usr/local/bin/npm',
1 verbose cli   'run',
1 verbose cli   'test-pageload' ]
2 info using npm@3.8.6
3 info using node@v6.0.0
4 verbose run-script [ 'pretest-pageload', 'test-pageload', 'posttest-pageload' ]
5 info lifecycle webstat-bot@1.0.0~pretest-pageload: webstat-bot@1.0.0
6 silly lifecycle webstat-bot@1.0.0~pretest-pageload: no script for pretest-pageload, continuing
7 info lifecycle webstat-bot@1.0.0~test-pageload: webstat-bot@1.0.0
8 verbose lifecycle webstat-bot@1.0.0~test-pageload: unsafe-perm in lifecycle true
9 verbose lifecycle webstat-bot@1.0.0~test-pageload: PATH: /usr/local/lib/node_modules/npm/bin/node-gyp-bin:/Users/thomasgoldenberg/Desktop/agolo/webstat-bot/node_modules/.bin:/usr/local/bin:/Users/thomasgoldenberg/.rbenv/shims:/Users/thomasgoldenberg/.rbenv/shims:/Users/thomasgoldenberg/.rbenv/shims:/Users/thomasgoldenberg/.yarn/bin:/Users/thomasgoldenberg/.rbenv/bin:/usr/local/bin:/usr/local/heroku/bin:/usr/local/bin:/usr/local/sbin:~/bin:/Users/thomasgoldenberg/.rbenv/bin:/Users/thomasgoldenberg/.rbenv/shims:/Users/thomasgoldenberg/.nvm/versions/node/v4.2.6/bin:/usr/local/bin:/usr/bin:/bin:/usr/sbin:/sbin:/Users/thomasgoldenberg/.rbenv/shims:/Users/thomasgoldenberg/.rbenv/bin:/usr/local/heroku/bin:/usr/local/sbin:~/bin
10 verbose lifecycle webstat-bot@1.0.0~test-pageload: CWD: /Users/thomasgoldenberg/Desktop/agolo/webstat-bot
11 silly lifecycle webstat-bot@1.0.0~test-pageload: Args: [ '-c',
11 silly lifecycle   'source env_settings.sh && babel-node ./initialPageLoad.js' ]
12 silly lifecycle webstat-bot@1.0.0~test-pageload: Returned: code: 1  signal: null
13 info lifecycle webstat-bot@1.0.0~test-pageload: Failed to exec test-pageload script
14 verbose stack Error: webstat-bot@1.0.0 test-pageload: `source env_settings.sh && babel-node ./initialPageLoad.js`
14 verbose stack Exit status 1
14 verbose stack     at EventEmitter.<anonymous> (/usr/local/lib/node_modules/npm/lib/utils/lifecycle.js:239:16)
14 verbose stack     at emitTwo (events.js:106:13)
14 verbose stack     at EventEmitter.emit (events.js:191:7)
14 verbose stack     at ChildProcess.<anonymous> (/usr/local/lib/node_modules/npm/lib/utils/spawn.js:24:14)
14 verbose stack     at emitTwo (events.js:106:13)
14 verbose stack     at ChildProcess.emit (events.js:191:7)
14 verbose stack     at maybeClose (internal/child_process.js:850:16)
14 verbose stack     at Process.ChildProcess._handle.onexit (internal/child_process.js:215:5)
15 verbose pkgid webstat-bot@1.0.0
16 verbose cwd /Users/thomasgoldenberg/Desktop/agolo/webstat-bot
17 error Darwin 14.5.0
18 error argv "/usr/local/bin/node" "/usr/local/bin/npm" "run" "test-pageload"
19 error node v6.0.0
20 error npm  v3.8.6
21 error code ELIFECYCLE
22 error webstat-bot@1.0.0 test-pageload: `source env_settings.sh && babel-node ./initialPageLoad.js`
22 error Exit status 1
23 error Failed at the webstat-bot@1.0.0 test-pageload script 'source env_settings.sh && babel-node ./initialPageLoad.js'.
23 error Make sure you have the latest version of node.js and npm installed.
23 error If you do, this is most likely a problem with the webstat-bot package,
23 error not with npm itself.
23 error Tell the author that this fails on your system:
23 error     source env_settings.sh && babel-node ./initialPageLoad.js
23 error You can get information on how to open an issue for this project with:
23 error     npm bugs webstat-bot
23 error Or if that isn't available, you can get their info via:
23 error     npm owner ls webstat-bot
23 error There is likely additional logging output above.
24 verbose exit [ 1, true ]
